{
  "RSpec": {
    "coverage": {
      "/Users/s4k/Documents/coding/playoff_pool/config/environment.rb": {
        "lines": [
          null,
          1,
          null,
          null,
          1
        ]
      },
      "/Users/s4k/Documents/coding/playoff_pool/config/application.rb": {
        "lines": [
          1,
          null,
          1,
          null,
          1,
          1,
          1,
          1,
          1,
          1,
          1,
          null,
          1,
          1,
          1,
          1,
          null,
          null,
          null,
          1,
          null,
          1,
          1,
          null,
          1,
          null,
          null,
          null,
          null,
          null,
          null,
          null
        ]
      },
      "/Users/s4k/Documents/coding/playoff_pool/config/boot.rb": {
        "lines": [
          1,
          null,
          1,
          1
        ]
      },
      "/Users/s4k/Documents/coding/playoff_pool/config/spring.rb": {
        "lines": [
          1,
          null,
          null,
          null,
          null,
          null
        ]
      },
      "/Users/s4k/Documents/coding/playoff_pool/config/environments/test.rb": {
        "lines": [
          null,
          null,
          null,
          null,
          null,
          1,
          null,
          null,
          1,
          1,
          null,
          null,
          null,
          null,
          1,
          null,
          null,
          1,
          1,
          null,
          null,
          null,
          null,
          1,
          1,
          1,
          null,
          null,
          1,
          null,
          null,
          1,
          null,
          null,
          1,
          null,
          1,
          null,
          null,
          null,
          null,
          1,
          null,
          null,
          1,
          null,
          null,
          null,
          null
        ]
      },
      "/Users/s4k/Documents/coding/playoff_pool/config/initializers/application_controller_renderer.rb": {
        "lines": [
          null,
          null,
          null,
          null,
          null,
          null,
          null,
          null
        ]
      },
      "/Users/s4k/Documents/coding/playoff_pool/config/initializers/assets.rb": {
        "lines": [
          null,
          null,
          null,
          1,
          null,
          null,
          null,
          null,
          1,
          null,
          null,
          null,
          null,
          null
        ]
      },
      "/Users/s4k/Documents/coding/playoff_pool/config/initializers/backtrace_silencers.rb": {
        "lines": [
          null,
          null,
          null,
          null,
          null,
          null,
          null
        ]
      },
      "/Users/s4k/Documents/coding/playoff_pool/config/initializers/content_security_policy.rb": {
        "lines": [
          null,
          null,
          null,
          null,
          null,
          null,
          null,
          null,
          null,
          null,
          null,
          null,
          null,
          null,
          null,
          null,
          null,
          null,
          null,
          null,
          null,
          null,
          null,
          null,
          null,
          null,
          null,
          null,
          null,
          null
        ]
      },
      "/Users/s4k/Documents/coding/playoff_pool/config/initializers/cookies_serializer.rb": {
        "lines": [
          null,
          null,
          null,
          null,
          1
        ]
      },
      "/Users/s4k/Documents/coding/playoff_pool/config/initializers/filter_parameter_logging.rb": {
        "lines": [
          null,
          null,
          null,
          1
        ]
      },
      "/Users/s4k/Documents/coding/playoff_pool/config/initializers/inflections.rb": {
        "lines": [
          null,
          null,
          null,
          null,
          null,
          null,
          null,
          null,
          null,
          null,
          null,
          null,
          null,
          null,
          null,
          null
        ]
      },
      "/Users/s4k/Documents/coding/playoff_pool/config/initializers/mime_types.rb": {
        "lines": [
          null,
          null,
          null,
          null
        ]
      },
      "/Users/s4k/Documents/coding/playoff_pool/config/initializers/wrap_parameters.rb": {
        "lines": [
          null,
          null,
          null,
          null,
          null,
          null,
          1,
          2,
          null,
          null,
          null,
          null,
          null,
          null
        ]
      },
      "/Users/s4k/Documents/coding/playoff_pool/spec/factories/division.rb": {
        "lines": [
          1,
          1,
          21,
          null,
          null
        ]
      },
      "/Users/s4k/Documents/coding/playoff_pool/spec/factories/player.rb": {
        "lines": [
          1,
          1,
          11,
          11,
          null,
          null
        ]
      },
      "/Users/s4k/Documents/coding/playoff_pool/spec/factories/prediction.rb": {
        "lines": [
          1,
          1,
          1,
          1,
          2,
          1,
          null,
          null
        ]
      },
      "/Users/s4k/Documents/coding/playoff_pool/spec/factories/round.rb": {
        "lines": [
          1,
          1,
          11,
          11,
          null,
          1,
          1,
          1,
          null,
          null,
          null
        ]
      },
      "/Users/s4k/Documents/coding/playoff_pool/spec/factories/series.rb": {
        "lines": [
          1,
          1,
          1,
          1,
          1,
          null,
          null
        ]
      },
      "/Users/s4k/Documents/coding/playoff_pool/spec/factories/team.rb": {
        "lines": [
          1,
          1,
          11,
          11,
          11,
          null,
          1,
          11,
          11,
          11,
          null,
          null,
          null
        ]
      },
      "/Users/s4k/Documents/coding/playoff_pool/spec/factories/user.rb": {
        "lines": [
          1,
          1,
          14,
          14,
          15,
          15,
          null,
          null
        ]
      },
      "/Users/s4k/Documents/coding/playoff_pool/config/routes.rb": {
        "lines": [
          1,
          null,
          null,
          1,
          null,
          null,
          null,
          1,
          1,
          1,
          1,
          null,
          null,
          null,
          1,
          1,
          1,
          1,
          1,
          1,
          1,
          1,
          1,
          1,
          1,
          null
        ]
      },
      "/Users/s4k/Documents/coding/playoff_pool/app/helpers/application_helper.rb": {
        "lines": [
          1,
          null
        ]
      },
      "/Users/s4k/Documents/coding/playoff_pool/app/helpers/main_helper.rb": {
        "lines": [
          1,
          null
        ]
      },
      "/Users/s4k/Documents/coding/playoff_pool/app/helpers/notes_helper.rb": {
        "lines": [
          1,
          null
        ]
      },
      "/Users/s4k/Documents/coding/playoff_pool/app/helpers/predictions_helper.rb": {
        "lines": [
          1,
          null
        ]
      },
      "/Users/s4k/Documents/coding/playoff_pool/app/helpers/results_helper.rb": {
        "lines": [
          1,
          null
        ]
      },
      "/Users/s4k/Documents/coding/playoff_pool/app/helpers/series_helper.rb": {
        "lines": [
          1,
          null
        ]
      },
      "/Users/s4k/Documents/coding/playoff_pool/app/helpers/sessions_helper.rb": {
        "lines": [
          1,
          null
        ]
      },
      "/Users/s4k/Documents/coding/playoff_pool/app/helpers/teams_helper.rb": {
        "lines": [
          1,
          null
        ]
      },
      "/Users/s4k/Documents/coding/playoff_pool/app/helpers/users_helper.rb": {
        "lines": [
          1,
          null
        ]
      },
      "/Users/s4k/Documents/coding/playoff_pool/spec/models/user_spec.rb": {
        "lines": [
          null,
          null,
          1,
          null,
          1,
          null,
          1,
          1,
          1,
          null,
          null,
          1,
          1,
          1,
          1,
          1,
          null,
          null,
          null
        ]
      },
      "/Users/s4k/Documents/coding/playoff_pool/app/models/user.rb": {
        "lines": [
          null,
          1,
          1,
          1,
          null,
          1,
          1,
          1,
          null,
          1,
          1,
          1,
          null,
          1,
          null,
          1,
          0,
          null,
          null,
          null,
          null,
          1,
          26,
          null,
          null,
          1,
          0,
          0,
          null,
          null,
          null,
          null,
          1,
          0,
          null,
          null,
          1,
          0,
          0,
          null,
          0,
          null,
          null,
          null,
          1,
          0,
          0,
          null,
          0,
          null,
          null,
          null,
          1,
          0,
          0,
          null,
          0,
          null,
          null,
          null,
          1,
          null,
          0,
          null,
          0,
          0,
          null,
          null,
          null,
          1,
          0,
          null,
          null,
          null,
          1,
          0,
          null,
          null,
          1,
          0,
          null,
          null,
          1,
          0,
          null,
          null,
          1,
          0,
          0,
          null,
          0,
          null,
          null,
          null,
          null
        ]
      },
      "/Users/s4k/Documents/coding/playoff_pool/app/models/application_record.rb": {
        "lines": [
          1,
          1,
          null,
          null
        ]
      },
      "/Users/s4k/Documents/coding/playoff_pool/spec/requests/prediction_spec.rb": {
        "lines": [
          1,
          null,
          1,
          null,
          1,
          0,
          0,
          0,
          0,
          0,
          0,
          0,
          0,
          0,
          0,
          0,
          null,
          null,
          1,
          0,
          0,
          null,
          null,
          null,
          null,
          null
        ]
      },
      "/Users/s4k/Documents/coding/playoff_pool/app/models/round.rb": {
        "lines": [
          1,
          1,
          null
        ]
      },
      "/Users/s4k/Documents/coding/playoff_pool/app/models/team.rb": {
        "lines": [
          1,
          1,
          1,
          1,
          1,
          null,
          1,
          0,
          null,
          null,
          1,
          0,
          0,
          null,
          0,
          null,
          null,
          null,
          1,
          0,
          0,
          0,
          null,
          null,
          null,
          1,
          null,
          0,
          null,
          null,
          1,
          0,
          null,
          null,
          1,
          0,
          null,
          null,
          1,
          0,
          null,
          null
        ]
      },
      "/Users/s4k/Documents/coding/playoff_pool/app/models/division.rb": {
        "lines": [
          1,
          1,
          null
        ]
      },
      "/Users/s4k/Documents/coding/playoff_pool/app/models/player.rb": {
        "lines": [
          1,
          1,
          0,
          null,
          null
        ]
      },
      "/Users/s4k/Documents/coding/playoff_pool/app/models/series.rb": {
        "lines": [
          1,
          1,
          1,
          1,
          1,
          1,
          1,
          null,
          1,
          1,
          null,
          null,
          1,
          30,
          0,
          null,
          null,
          null,
          1,
          0,
          null,
          null,
          null,
          1,
          0,
          null,
          null,
          1,
          0,
          0,
          null,
          0,
          null,
          null,
          null,
          1,
          0,
          0,
          0,
          0,
          null,
          0,
          null,
          null,
          null,
          1,
          0,
          null,
          null,
          1,
          0,
          0,
          null,
          null,
          null
        ]
      },
      "/Users/s4k/Documents/coding/playoff_pool/app/models/prediction.rb": {
        "lines": [
          1,
          1,
          1,
          1,
          1,
          null,
          1,
          1,
          12,
          1,
          null,
          1,
          7,
          null,
          null,
          1,
          5,
          null,
          null,
          1,
          0,
          null,
          null,
          1,
          7,
          7,
          5,
          3,
          null,
          2,
          null,
          null,
          7,
          null,
          null,
          1,
          0,
          null,
          null,
          1,
          1,
          11,
          0,
          null,
          null,
          null
        ]
      }
    },
    "timestamp": 1651450999
  }
}
